<?xml version="1.0" encoding="UTF-8"?>
<!-- Generated by org.testng.reporters.JUnitReportReporter -->
<testsuite hostname="priteshAdulkar" name="Com.utility.TestBase" tests="1" failures="0" timestamp="20 Aug 2019 19:24:46 GMT" time="13.516" errors="0">
  <testcase name="Double" time="13.516" classname="Com.utility.TestBase"/>
</testsuite> <!-- Com.utility.TestBase -->
